-----------------------------------------------------------------------------------------------------------------------------------------------
Running qaoa with 6 qubits from p=1 to p=5 within bounds [-0.7853981633974483, 0.7853981633974483]x[-1.5707963267948966, 1.5707963267948966] with resolution 32x32
-----------------------------------------------------------------------------------------------------------------------------------------------
creating result directory...
loading problem...
./graphs/u3R_6n_123457.gpickle
Problem: SparsePauliOp(['IIIZIZ', 'IIIZZI', 'IIZIIZ', 'IIZIZI', 'IZIIZI', 'IZZIII', 'ZIIIIZ', 'ZIIZII', 'ZZIIII'],
              coeffs=[0.5+0.j, 0.5+0.j, 0.5+0.j, 0.5+0.j, 0.5+0.j, 0.5+0.j, 0.5+0.j, 0.5+0.j,
 0.5+0.j]), offset:-4.5
instantiating estimator...
beginning scan...
  
-------Depth 1-------
creating QAOAAnsatz of depth 1...
creating scan params...
creating cartesian grid over [-0.7853981633974483, 0.7853981633974483]x[-1.5707963267948966, 1.5707963267948966] with resolution 32x32 and fixed parameters []...
running estimator with scan parameters...
evaluating best parameters...
Best params for depth 1:
params [-0.3293605201344138, 0.5573793417659312] with expectation -1.4330815433025659
params [0.32936052013441386, -0.557379341765931] with expectation -1.4330815433025657
params [-0.3800313693858621, 0.5573793417659312] with expectation -1.4251520386731382
params [0.38003136938586213, -0.557379341765931] with expectation -1.425152038673138
params [-0.3293605201344138, 0.6587210402688277] with expectation -1.4041106380262074
params [0.32936052013441386, -0.6587210402688276] with expectation -1.4041106380262074
params [-0.3800313693858621, 0.6587210402688277] with expectation -1.3865961732531198
params [0.38003136938586213, -0.6587210402688276] with expectation -1.3865961732531193
params [-0.3800313693858621, 0.45603764326303464] with expectation -1.372744080285442
params [0.38003136938586213, -0.4560376432630344] with expectation -1.3727440802854414
saving results as json...
  
-------Depth 3-------
fixing parameters to imported parameters [0.3, 0.24, 0.12, 0.24] for beta3,gamma3 and increasing depth...
creating QAOAAnsatz of depth 3...
creating scan params...
creating cartesian grid over [-0.7853981633974483, 0.7853981633974483]x[-1.5707963267948966, 1.5707963267948966] with resolution 32x32 and fixed parameters [0.3, 0.24, 0.12, 0.24]...
running estimator with scan parameters...
evaluating best parameters...
Best params for depth 3:
params [0.3, 0.24, 0.5827147663916552, 0.12, 0.24, -0.3546959447601379] with expectation -1.2730114072986596
params [0.3, 0.24, 0.5320439171402069, 0.12, 0.24, -0.4560376432630344] with expectation -1.2635100462154356
params [0.3, 0.24, 0.6333856156431035, 0.12, 0.24, -0.3546959447601379] with expectation -1.248806074306339
params [0.3, 0.24, 0.5827147663916552, 0.12, 0.24, -0.4560376432630344] with expectation -1.2397883477394867
params [0.3, 0.24, 0.5320439171402069, 0.12, 0.24, -0.3546959447601379] with expectation -1.2338673554303095
params [0.3, 0.24, 0.6333856156431035, 0.12, 0.24, -0.25335424625724134] with expectation -1.2188979527561128
params [0.3, 0.24, 0.48137306788875867, 0.12, 0.24, -0.4560376432630344] with expectation -1.2180161438710326
params [0.3, 0.24, 0.6840564648945517, 0.12, 0.24, -0.25335424625724134] with expectation -1.2121593023135224
params [0.3, 0.24, 0.48137306788875867, 0.12, 0.24, -0.557379341765931] with expectation -1.1749487110390868
params [0.3, 0.24, 0.5320439171402069, 0.12, 0.24, -0.557379341765931] with expectation -1.1700231239284582
saving results as json...
  
-------Depth 5-------
fixing parameters to imported parameters [0.3, 0.24, 0.18, 0.12, 0.12, 0.24, 0.36, 0.48] for beta5,gamma5 and increasing depth...
creating QAOAAnsatz of depth 5...
creating scan params...
creating cartesian grid over [-0.7853981633974483, 0.7853981633974483]x[-1.5707963267948966, 1.5707963267948966] with resolution 32x32 and fixed parameters [0.3, 0.24, 0.18, 0.12, 0.12, 0.24, 0.36, 0.48]...
running estimator with scan parameters...
evaluating best parameters...
Best params for depth 5:
params [0.3, 0.24, 0.18, 0.12, -0.7853981633974483, 0.12, 0.24, 0.36, 0.48, -0.6587210402688276] with expectation -1.3841279963906978
params [0.3, 0.24, 0.18, 0.12, 0.7853981633974483, 0.12, 0.24, 0.36, 0.48, -0.6587210402688276] with expectation -1.3841279963906978
params [0.3, 0.24, 0.18, 0.12, -0.734727314146, 0.12, 0.24, 0.36, 0.48, -0.557379341765931] with expectation -1.3671557355140767
params [0.3, 0.24, 0.18, 0.12, 0.7853981633974483, 0.12, 0.24, 0.36, 0.48, -0.557379341765931] with expectation -1.366440320246695
params [0.3, 0.24, 0.18, 0.12, -0.7853981633974483, 0.12, 0.24, 0.36, 0.48, -0.557379341765931] with expectation -1.366440320246695
params [0.3, 0.24, 0.18, 0.12, 0.734727314146, 0.12, 0.24, 0.36, 0.48, -0.6587210402688276] with expectation -1.3550893686822
params [0.3, 0.24, 0.18, 0.12, -0.734727314146, 0.12, 0.24, 0.36, 0.48, -0.6587210402688276] with expectation -1.327708644358897
params [0.3, 0.24, 0.18, 0.12, -0.6840564648945517, 0.12, 0.24, 0.36, 0.48, -0.557379341765931] with expectation -1.282745949625835
params [0.3, 0.24, 0.18, 0.12, 0.734727314146, 0.12, 0.24, 0.36, 0.48, -0.557379341765931] with expectation -1.2806289930087893
params [0.3, 0.24, 0.18, 0.12, 0.734727314146, 0.12, 0.24, 0.36, 0.48, -0.7600627387717241] with expectation -1.272078524043706
saving results as json...
-----------------------------------------------------------------------------------------------------------------------------------------------
Scan finished
exists
-----------------------------------------------------------------------------------------------------------------------------------------------
Plotting results for scans contained in ['./results/reproduction/maxcut/higher_p/linear_ramp_pos_mixer/graph123457_32x32scan_6qubits_p1to5_None_optimized_maxcut_symmetry']...
-----------------------------------------------------------------------------------------------------------------------------------------------
creating single instance plots...
---Meshplot (1/1)---
Plotting results as colormesh...
saving plot: creating file for each format in ['pdf']...
saved as ./results/reproduction/maxcut/higher_p/linear_ramp_pos_mixer/graph123457_32x32scan_6qubits_p1to5_None_optimized_maxcut_symmetry/meshplot_32x32scan_p6_6qubits.pdf
h123457_32x32scan_6qubits_p1to5_None_optimized_maxcut_symmetry/meshplot_32x32scan_p6_6qubits.pdf
