loading problem...
./graphs/u3R_6n_123457.gpickle
Problem: SparsePauliOp(['IIIIIZ', 'IIIIZI', 'IIIZII', 'IIZIII', 'IZIIII', 'ZIIIII', 'IIIZIZ', 'IIIZZI', 'IIZIIZ', 'IIZIZI', 'IZIIZI', 'IZZIII', 'ZIIIIZ', 'ZIIZII', 'ZZIIII'],
              coeffs=[4.75+0.j, 4.75+0.j, 4.75+0.j, 4.75+0.j, 4.75+0.j, 4.75+0.j, 1.75+0.j,
 1.75+0.j, 1.75+0.j, 1.75+0.j, 1.75+0.j, 1.75+0.j, 1.75+0.j, 1.75+0.j,
 1.75+0.j]), offset: 18.75
instantiating sampler...
instantiating COBYLA optimizer...
loading best parameters for highest p found in ./graphs/u3R_6n_123457.gpickle...
-----------------------------------------------------------------------------------------------------------------------------------------------
Optimizing QAOA parameters for 2 layers using COBYLA starting from initial point [-0.3, -0.8614044372746207, 0.3, -1.114758683531862]...
-----------------------------------------------------------------------------------------------------------------------------------------------
instantiating QAOA wrapper...
running optimization...
Optimization finished
n: 6
p: 2
init_params: [-0.3, -0.8614044372746207, 0.3, -1.114758683531862]
optimizeroptimizer_evals: 1000
opt_params: [-0.00315617 -0.64655751  0.27797171 -1.14980547]
opt_value: -13.065281105170662
optimizer_time: 358.20498609542847
-----------------------------------------------------------------------------------------------------------------------------------------------
-----------------------------------------------------------------------------------------------------------------------------------------------
Running qaoa with 6 qubits from p=1 to p=2 within bounds [-1.5707963267948966, 1.5707963267948966]x[-3.141592653589793, 3.141592653589793] with resolution 32x32
-----------------------------------------------------------------------------------------------------------------------------------------------
creating result directory...
loading problem...
./graphs/u3R_6n_123457.gpickle
Problem: SparsePauliOp(['IIIIIZ', 'IIIIZI', 'IIIZII', 'IIZIII', 'IZIIII', 'ZIIIII', 'IIIZIZ', 'IIIZZI', 'IIZIIZ', 'IIZIZI', 'IZIIZI', 'IZZIII', 'ZIIIIZ', 'ZIIZII', 'ZZIIII'],
              coeffs=[4.75+0.j, 4.75+0.j, 4.75+0.j, 4.75+0.j, 4.75+0.j, 4.75+0.j, 1.75+0.j,
 1.75+0.j, 1.75+0.j, 1.75+0.j, 1.75+0.j, 1.75+0.j, 1.75+0.j, 1.75+0.j,
 1.75+0.j]), offset:18.75
instantiating estimator...
beginning scan...
  
-------Depth 1-------
creating QAOAAnsatz of depth 1...
creating scan params...
creating cartesian grid over [-1.5707963267948966, 1.5707963267948966]x[-3.141592653589793, 3.141592653589793] with resolution 32x32 and fixed parameters []...
running estimator with scan parameters...
evaluating best parameters...
Best params for depth 1:
params [0.5573793417659312, 2.736225859578207] with expectation -12.893060020423215
params [-0.557379341765931, -2.736225859578207] with expectation -12.893060020423212
params [0.6587210402688277, 2.736225859578207] with expectation -12.748913346517599
params [-0.6587210402688276, -2.736225859578207] with expectation -12.748913346517577
params [0.5573793417659312, -0.10134169850289654] with expectation -12.58495964832052
params [-0.557379341765931, 0.10134169850289654] with expectation -12.584959648320513
params [-0.4560376432630344, 0.10134169850289654] with expectation -12.55613127825667
params [0.45603764326303464, -0.10134169850289654] with expectation -12.556131278256665
params [0.45603764326303464, 2.736225859578207] with expectation -12.509362723562182
params [-0.4560376432630344, -2.736225859578207] with expectation -12.509362723562177
saving results as json...
  
-------Depth 2-------
fixing parameters to imported parameters [-0.003156173996432286, 0.2779717103296483] for beta2,gamma2 and increasing depth...
creating QAOAAnsatz of depth 2...
creating scan params...
creating cartesian grid over [-1.5707963267948966, 1.5707963267948966]x[-3.141592653589793, 3.141592653589793] with resolution 32x32 and fixed parameters [-0.003156173996432286, 0.2779717103296483]...
running estimator with scan parameters...
evaluating best parameters...
Best params for depth 2:
params [-0.003156173996432286, -1.0640878342804139, 0.2779717103296483, -2.1281756685608277] with expectation -12.966419801848422
params [-0.003156173996432286, -0.9627461357775172, 0.2779717103296483, -2.1281756685608277] with expectation -12.928144537495527
params [-0.003156173996432286, 0.5573793417659312, 0.2779717103296483, 1.5201254775434485] with expectation -12.89571327905281
params [-0.003156173996432286, 0.6587210402688277, 0.2779717103296483, 1.5201254775434485] with expectation -12.870545814493124
params [-0.003156173996432286, 0.9627461357775173, 0.2779717103296483, 1.5201254775434485] with expectation -12.866192479045182
params [-0.003156173996432286, 0.8614044372746208, 0.2779717103296483, 1.5201254775434485] with expectation -12.817315071900001
params [-0.003156173996432286, 0.7600627387717243, 0.2779717103296483, 1.5201254775434485] with expectation -12.806485432703184
params [-0.003156173996432286, 1.0640878342804139, 0.2779717103296483, 1.5201254775434485] with expectation -12.773058226819973
params [-0.003156173996432286, 0.45603764326303464, 0.2779717103296483, 1.5201254775434485] with expectation -12.640255331498164
params [-0.003156173996432286, -0.8614044372746207, 0.2779717103296483, -2.1281756685608277] with expectation -12.630895307209775
saving results as json...
-----------------------------------------------------------------------------------------------------------------------------------------------
Scan finished
loading estimator_data_32x32scan_p1_6qubits.json and extracting data....
loading estimator_data_32x32scan_p2_6qubits.json and extracting data....
saving results as json...
exists
-----------------------------------------------------------------------------------------------------------------------------------------------
Plotting results for scans contained in ['./results/reproduction/vertcover/optimised/graph123457_32x32scan_6qubits_p1to2_COBYLA_optimized_general_symmetry']...
-----------------------------------------------------------------------------------------------------------------------------------------------
creating single instance plots...
---Meshplot (1/1)---
Plotting results as colormesh...
saving plot: creating file for each format in ['pdf']...
saved as ./results/reproduction/vertcover/optimised/graph123457_32x32scan_6qubits_p1to2_COBYLA_optimized_general_symmetry/meshplot_32x32scan_p2_6qubits.pdf

   Return from subroutine COBYLA because the MAXFUN limit has been reached.

   NFVALS = 1000   F =-1.306528E+01    MAXCV = 0.000000E+00
   X =-3.156174E-03  -6.465575E-01   2.779717E-01  -1.149805E+00
