alpha 1.333 not possible, using alpha=1.3333333333333333 instead  with 3 variables and 4 clauses
SAT Formula:
[((1, False), (2, True), (0, False)), ((2, False), (1, True), (0, True)), ((2, False), (0, True), (1, True)), ((1, True), (2, True), (0, False))]
SAT formula converted to QUBO: 
[[ 1.   1.5 -2.   0.5 -0.5 -0.5  0.5]
 [ 1.5  0.  -1.   0.5 -0.5 -0.5 -0.5]
 [-2.  -1.   3.  -0.5  0.5  0.5 -0.5]
 [ 0.5  0.5 -0.5  0.   0.   0.   0. ]
 [-0.5 -0.5  0.5  0.   1.   0.   0. ]
 [-0.5 -0.5  0.5  0.   0.   1.   0. ]
 [ 0.5 -0.5 -0.5  0.   0.   0.   1. ]]
loading problem...
./qubos/3sat_7qubits_n3_m4_alpha13333333333333333
Problem: SparsePauliOp(['IIIIIIZ', 'IIIIIZI', 'IIIZIII', 'IIZIIII', 'IZIIIII', 'ZIIIIII', 'IIIIIZZ', 'IIIIZIZ', 'IIIIZZI', 'IIIZIIZ', 'IIIZIZI', 'IIIZZII', 'IIZIIIZ', 'IIZIIZI', 'IIZIZII', 'IZIIIIZ', 'IZIIIZI', 'IZIIZII', 'ZIIIIIZ', 'ZIIIIZI', 'ZIIIZII'],
              coeffs=[-0.0625    +0.j,  0.0625    +0.j, -0.0625    +0.j, -0.0625    +0.j,
 -0.0625    +0.j, -0.0625    +0.j,  0.0625    +0.j, -0.08333333+0.j,
 -0.04166667+0.j,  0.02083333+0.j,  0.02083333+0.j, -0.02083333+0.j,
 -0.02083333+0.j, -0.02083333+0.j,  0.02083333+0.j, -0.02083333+0.j,
 -0.02083333+0.j,  0.02083333+0.j,  0.02083333+0.j, -0.02083333+0.j,
 -0.02083333+0.j]), offset: 0.35416666666666663
instantiating sampler...
instantiating COBYLA optimizer...
loading best parameters for highest p found in ./qubos/3sat_7qubits_n3_m4_alpha13333333333333333...
-----------------------------------------------------------------------------------------------------------------------------------------------
Optimizing QAOA parameters for 2 layers using COBYLA starting from initial point [0.3, -0.4560376432630344, 0.3, 3.141592653589793]...
-----------------------------------------------------------------------------------------------------------------------------------------------
instantiating QAOA wrapper...
running optimization...
Optimization finished
n: 7
p: 2
init_params: [0.3, -0.4560376432630344, 0.3, 3.141592653589793]
optimizeroptimizer_evals: 1000
opt_params: [-0.60115097 -0.45008584  4.76339154  7.05607708]
opt_value: -0.34715980598948104
optimizer_time: 420.80167031288147
-----------------------------------------------------------------------------------------------------------------------------------------------
-----------------------------------------------------------------------------------------------------------------------------------------------
Running qaoa with 7 qubits from p=1 to p=2 within bounds [-1.5707963267948966, 1.5707963267948966]x[-3.141592653589793, 3.141592653589793] with resolution 32x32
-----------------------------------------------------------------------------------------------------------------------------------------------
creating result directory...
loading problem...
./qubos/3sat_7qubits_n3_m4_alpha13333333333333333
Problem: SparsePauliOp(['IIIIIIZ', 'IIIIIZI', 'IIIZIII', 'IIZIIII', 'IZIIIII', 'ZIIIIII', 'IIIIIZZ', 'IIIIZIZ', 'IIIIZZI', 'IIIZIIZ', 'IIIZIZI', 'IIIZZII', 'IIZIIIZ', 'IIZIIZI', 'IIZIZII', 'IZIIIIZ', 'IZIIIZI', 'IZIIZII', 'ZIIIIIZ', 'ZIIIIZI', 'ZIIIZII'],
              coeffs=[-0.0625    +0.j,  0.0625    +0.j, -0.0625    +0.j, -0.0625    +0.j,
 -0.0625    +0.j, -0.0625    +0.j,  0.0625    +0.j, -0.08333333+0.j,
 -0.04166667+0.j,  0.02083333+0.j,  0.02083333+0.j, -0.02083333+0.j,
 -0.02083333+0.j, -0.02083333+0.j,  0.02083333+0.j, -0.02083333+0.j,
 -0.02083333+0.j,  0.02083333+0.j,  0.02083333+0.j, -0.02083333+0.j,
 -0.02083333+0.j]), offset:0.35416666666666663
instantiating estimator...
beginning scan...
  
-------Depth 1-------
creating QAOAAnsatz of depth 1...
creating scan params...
creating cartesian grid over [-1.5707963267948966, 1.5707963267948966]x[-3.141592653589793, 3.141592653589793] with resolution 32x32 and fixed parameters []...
running estimator with scan parameters...
evaluating best parameters...
Best params for depth 1:
params [-0.4560376432630344, 3.141592653589793] with expectation -0.16967833726394138
params [0.45603764326303464, -3.141592653589793] with expectation -0.16967833726394133
params [0.45603764326303464, -2.938909256584] with expectation -0.1628533989350912
params [-0.4560376432630344, 2.938909256584] with expectation -0.16285339893509115
params [-0.3546959447601379, 3.141592653589793] with expectation -0.16105949398235225
params [0.3546959447601379, -3.141592653589793] with expectation -0.16105949398235225
params [0.5573793417659312, -3.141592653589793] with expectation -0.16027254455114334
params [-0.557379341765931, 3.141592653589793] with expectation -0.16027254455114331
params [-0.4560376432630344, 2.736225859578207] with expectation -0.15542040471665242
params [0.45603764326303464, -2.736225859578207] with expectation -0.15542040471665242
saving results as json...
  
-------Depth 2-------
fixing parameters to imported parameters [-0.60115096980016, 4.763391540765949] for beta2,gamma2 and increasing depth...
creating QAOAAnsatz of depth 2...
creating scan params...
creating cartesian grid over [-1.5707963267948966, 1.5707963267948966]x[-3.141592653589793, 3.141592653589793] with resolution 32x32 and fixed parameters [-0.60115096980016, 4.763391540765949]...
running estimator with scan parameters...
evaluating best parameters...
Best params for depth 2:
params [-0.60115096980016, -0.4560376432630344, 4.763391540765949, 3.141592653589793] with expectation -0.22553537541409868
params [-0.60115096980016, -0.3546959447601379, 4.763391540765949, 3.141592653589793] with expectation -0.22545774748628217
params [-0.60115096980016, 0.1520125477543448, 4.763391540765949, -2.533542462572414] with expectation -0.2234165136028549
params [-0.60115096980016, 0.1520125477543448, 4.763391540765949, -2.736225859578207] with expectation -0.2233586662057076
params [-0.60115096980016, 0.1520125477543448, 4.763391540765949, -2.330859065566621] with expectation -0.22326470947606344
params [-0.60115096980016, 0.1520125477543448, 4.763391540765949, -2.938909256584] with expectation -0.22310371282378771
params [-0.60115096980016, 0.1520125477543448, 4.763391540765949, -2.1281756685608277] with expectation -0.2228917692042496
params [-0.60115096980016, 0.1520125477543448, 4.763391540765949, -3.141592653589793] with expectation -0.22266512658500096
params [-0.60115096980016, 0.1520125477543448, 4.763391540765949, -1.9254922715550344] with expectation -0.2222873967490255
params [-0.60115096980016, 0.1520125477543448, 4.763391540765949, -1.7228088745492414] with expectation -0.22144260527165027
saving results as json...
-----------------------------------------------------------------------------------------------------------------------------------------------
Scan finished
loading estimator_data_32x32scan_p1_7qubits.json and extracting data....
loading estimator_data_32x32scan_p2_7qubits.json and extracting data....
saving results as json...
exists
-----------------------------------------------------------------------------------------------------------------------------------------------
Plotting results for scans contained in ['./results/reproduction/max3sat/easy/optimised/32x32scan_7qubits_p1to2_COBYLA_optimized_general_symmetry']...
-----------------------------------------------------------------------------------------------------------------------------------------------
creating single instance plots...
---Meshplot (1/1)---
Plotting results as colormesh...
saving plot: creating file for each format in ['pdf']...
saved as ./results/reproduction/max3sat/easy/optimised/32x32scan_7qubits_p1to2_COBYLA_optimized_general_symmetry/meshplot_32x32scan_p2_7qubits.pdf

   Return from subroutine COBYLA because the MAXFUN limit has been reached.

   NFVALS = 1000   F =-3.471598E-01    MAXCV = 0.000000E+00
   X =-6.011510E-01  -4.500858E-01   4.763392E+00   7.056077E+00
