loading problem...
./graphs/u3R_6n_123456.gpickle
Problem: SparsePauliOp(['IIIIIZ', 'IIIIZI', 'IIIZII', 'IIZIII', 'IZIIII', 'ZIIIII', 'IIIIZZ', 'IIIZZI', 'IIZIIZ', 'IZIIIZ', 'IZIZII', 'IZZIII', 'ZIIIZI', 'ZIIZII', 'ZIZIII'],
              coeffs=[4.75+0.j, 4.75+0.j, 4.75+0.j, 4.75+0.j, 4.75+0.j, 4.75+0.j, 1.75+0.j,
 1.75+0.j, 1.75+0.j, 1.75+0.j, 1.75+0.j, 1.75+0.j, 1.75+0.j, 1.75+0.j,
 1.75+0.j]), offset: 18.75
instantiating sampler...
instantiating COBYLA optimizer...
loading best parameters for highest p found in ./graphs/u3R_6n_123456.gpickle...
-----------------------------------------------------------------------------------------------------------------------------------------------
Optimizing QAOA parameters for 2 layers using COBYLA starting from initial point [-0.3, -0.8614044372746207, 0.3, -1.114758683531862]...
-----------------------------------------------------------------------------------------------------------------------------------------------
instantiating QAOA wrapper...
running optimization...
Optimization finished
n: 6
p: 2
init_params: [-0.3, -0.8614044372746207, 0.3, -1.114758683531862]
optimizeroptimizer_evals: 233
opt_params: [-0.0630997  -0.8577248   0.23414852 -1.13535336]
opt_value: -12.886726483382404
optimizer_time: 57.66432046890259
-----------------------------------------------------------------------------------------------------------------------------------------------
-----------------------------------------------------------------------------------------------------------------------------------------------
Running qaoa with 6 qubits from p=1 to p=2 within bounds [-1.5707963267948966, 1.5707963267948966]x[-3.141592653589793, 3.141592653589793] with resolution 32x32
-----------------------------------------------------------------------------------------------------------------------------------------------
creating result directory...
loading problem...
./graphs/u3R_6n_123456.gpickle
Problem: SparsePauliOp(['IIIIIZ', 'IIIIZI', 'IIIZII', 'IIZIII', 'IZIIII', 'ZIIIII', 'IIIIZZ', 'IIIZZI', 'IIZIIZ', 'IZIIIZ', 'IZIZII', 'IZZIII', 'ZIIIZI', 'ZIIZII', 'ZIZIII'],
              coeffs=[4.75+0.j, 4.75+0.j, 4.75+0.j, 4.75+0.j, 4.75+0.j, 4.75+0.j, 1.75+0.j,
 1.75+0.j, 1.75+0.j, 1.75+0.j, 1.75+0.j, 1.75+0.j, 1.75+0.j, 1.75+0.j,
 1.75+0.j]), offset:18.75
instantiating estimator...
beginning scan...
  
-------Depth 1-------
creating QAOAAnsatz of depth 1...
creating scan params...
creating cartesian grid over [-1.5707963267948966, 1.5707963267948966]x[-3.141592653589793, 3.141592653589793] with resolution 32x32 and fixed parameters []...
running estimator with scan parameters...
evaluating best parameters...
Best params for depth 1:
params [0.5573793417659312, 2.736225859578207] with expectation -12.89306002042321
params [-0.557379341765931, -2.736225859578207] with expectation -12.893060020423206
params [0.6587210402688277, 2.736225859578207] with expectation -12.748913346517599
params [-0.6587210402688276, -2.736225859578207] with expectation -12.748913346517574
params [0.5573793417659312, -0.10134169850289654] with expectation -12.58495964832052
params [-0.557379341765931, 0.10134169850289654] with expectation -12.584959648320517
params [-0.4560376432630344, 0.10134169850289654] with expectation -12.556131278256668
params [0.45603764326303464, -0.10134169850289654] with expectation -12.556131278256665
params [0.45603764326303464, 2.736225859578207] with expectation -12.509362723562187
params [-0.4560376432630344, -2.736225859578207] with expectation -12.50936272356218
saving results as json...
  
-------Depth 2-------
fixing parameters to imported parameters [-0.06309970391298576, 0.2341485150405916] for beta2,gamma2 and increasing depth...
creating QAOAAnsatz of depth 2...
creating scan params...
creating cartesian grid over [-1.5707963267948966, 1.5707963267948966]x[-3.141592653589793, 3.141592653589793] with resolution 32x32 and fixed parameters [-0.06309970391298576, 0.2341485150405916]...
running estimator with scan parameters...
evaluating best parameters...
Best params for depth 2:
params [-0.06309970391298576, 0.9627461357775173, 0.2341485150405916, 1.5201254775434485] with expectation -13.12229244849585
params [-0.06309970391298576, 0.8614044372746208, 0.2341485150405916, 1.5201254775434485] with expectation -12.907940284891737
params [-0.06309970391298576, 1.0640878342804139, 0.2341485150405916, 1.5201254775434485] with expectation -12.88652956889326
params [-0.06309970391298576, -0.6587210402688276, 0.2341485150405916, -1.114758683531862] with expectation -12.77036898181158
params [-0.06309970391298576, -0.7600627387717241, 0.2341485150405916, -1.114758683531862] with expectation -12.756012585396586
params [-0.06309970391298576, -0.8614044372746207, 0.2341485150405916, -1.114758683531862] with expectation -12.65909602319305
params [-0.06309970391298576, -0.557379341765931, 0.2341485150405916, -1.114758683531862] with expectation -12.627279773408375
params [-0.06309970391298576, 0.7600627387717243, 0.2341485150405916, 1.5201254775434485] with expectation -12.444205769612275
params [-0.06309970391298576, -0.9627461357775172, 0.2341485150405916, -1.114758683531862] with expectation -12.441548864604865
params [-0.06309970391298576, 0.5573793417659312, 0.2341485150405916, 2.533542462572414] with expectation -12.364469226111618
saving results as json...
-----------------------------------------------------------------------------------------------------------------------------------------------
Scan finished
loading estimator_data_32x32scan_p1_6qubits.json and extracting data....
loading estimator_data_32x32scan_p2_6qubits.json and extracting data....
saving results as json...
exists
-----------------------------------------------------------------------------------------------------------------------------------------------
Plotting results for scans contained in ['./results/reproduction/vertcover/optimised/graph123456_32x32scan_6qubits_p1to2_COBYLA_optimized_general_symmetry']...
-----------------------------------------------------------------------------------------------------------------------------------------------
creating single instance plots...
---Meshplot (1/1)---
Plotting results as colormesh...
saving plot: creating file for each format in ['pdf']...
saved as ./results/reproduction/vertcover/optimised/graph123456_32x32scan_6qubits_p1to2_COBYLA_optimized_general_symmetry/meshplot_32x32scan_p2_6qubits.pdf

   Normal return from subroutine COBYLA

   NFVALS =  233   F =-1.288673E+01    MAXCV = 0.000000E+00
   X =-6.309970E-02  -8.577248E-01   2.341485E-01  -1.135353E+00
