-----------------------------------------------------------------------------------------------------------------------------------------------
Running qaoa with 6 qubits from p=1 to p=2 within bounds [-0.7853981633974483, 0.7853981633974483]x[-1.5707963267948966, 1.5707963267948966] with resolution 32x32
-----------------------------------------------------------------------------------------------------------------------------------------------
creating result directory...
loading problem...
./graphs/u3R_6n_123456.gpickle
Problem: SparsePauliOp(['IIIIZZ', 'IIIZZI', 'IIZIIZ', 'IZIIIZ', 'IZIZII', 'IZZIII', 'ZIIIZI', 'ZIIZII', 'ZIZIII'],
              coeffs=[0.5+0.j, 0.5+0.j, 0.5+0.j, 0.5+0.j, 0.5+0.j, 0.5+0.j, 0.5+0.j, 0.5+0.j,
 0.5+0.j]), offset:-4.5
instantiating estimator...
beginning scan...
  
-------Depth 1-------
creating QAOAAnsatz of depth 1...
creating scan params...
creating cartesian grid over [-0.7853981633974483, 0.7853981633974483]x[-1.5707963267948966, 1.5707963267948966] with resolution 32x32 and fixed parameters []...
running estimator with scan parameters...
evaluating best parameters...
Best params for depth 1:
params [-0.3293605201344138, 0.5573793417659312] with expectation -1.4330815433025659
params [0.32936052013441386, -0.557379341765931] with expectation -1.4330815433025654
params [-0.3800313693858621, 0.5573793417659312] with expectation -1.4251520386731387
params [0.38003136938586213, -0.557379341765931] with expectation -1.425152038673138
params [0.32936052013441386, -0.6587210402688276] with expectation -1.4041106380262072
params [-0.3293605201344138, 0.6587210402688277] with expectation -1.4041106380262072
params [-0.3800313693858621, 0.6587210402688277] with expectation -1.3865961732531198
params [0.38003136938586213, -0.6587210402688276] with expectation -1.3865961732531198
params [-0.3800313693858621, 0.45603764326303464] with expectation -1.3727440802854418
params [0.38003136938586213, -0.4560376432630344] with expectation -1.3727440802854414
saving results as json...
  
-------Depth 2-------
fixing parameters to imported parameters [0.3, 0.3] for beta2,gamma2 and increasing depth...
creating QAOAAnsatz of depth 2...
creating scan params...
creating cartesian grid over [-0.7853981633974483, 0.7853981633974483]x[-1.5707963267948966, 1.5707963267948966] with resolution 32x32 and fixed parameters [0.3, 0.3]...
running estimator with scan parameters...
evaluating best parameters...
Best params for depth 2:
params [0.3, 0.5320439171402069, 0.3, -0.4560376432630344] with expectation -1.1649433656665173
params [0.3, 0.5827147663916552, 0.3, -0.3546959447601379] with expectation -1.1528044009040948
params [0.3, -0.5827147663916552, 0.3, 0.1520125477543448] with expectation -1.1388948123710223
params [0.3, 0.5827147663916552, 0.3, -0.4560376432630344] with expectation -1.1382273498593665
params [0.3, 0.6333856156431035, 0.3, -0.3546959447601379] with expectation -1.1350089814583557
params [0.3, -0.5320439171402069, 0.3, 0.1520125477543448] with expectation -1.1336431848702964
params [0.3, 0.48137306788875867, 0.3, -0.4560376432630344] with expectation -1.1286743735657263
params [0.3, -0.5320439171402069, 0.3, 0.25335424625724134] with expectation -1.1221067679317627
params [0.3, 0.48137306788875867, 0.3, -0.557379341765931] with expectation -1.1197143793526174
params [0.3, -0.6333856156431035, 0.3, 0.05067084925144827] with expectation -1.118398606896862
saving results as json...
-----------------------------------------------------------------------------------------------------------------------------------------------
Scan finished
exists
-----------------------------------------------------------------------------------------------------------------------------------------------
Plotting results for scans contained in ['./results/reproduction/maxcut/linear_ramp_pos_mixer/graph123456_32x32scan_6qubits_p1to2_None_optimized_maxcut_symmetry']...
-----------------------------------------------------------------------------------------------------------------------------------------------
creating single instance plots...
---Meshplot (1/1)---
Plotting results as colormesh...
saving plot: creating file for each format in ['pdf']...
saved as ./results/reproduction/maxcut/linear_ramp_pos_mixer/graph123456_32x32scan_6qubits_p1to2_None_optimized_maxcut_symmetry/meshplot_32x32scan_p2_6qubits.pdf
qubits.pdf
