scanning
-----------------------------------------------------------------------------------------------------------------------------------------------
Running qaoa with 6 qubits from p=1 to p=5 within bounds [-0.7853981633974483, 0.7853981633974483]x[-1.5707963267948966, 1.5707963267948966] with resolution 32x32
-----------------------------------------------------------------------------------------------------------------------------------------------
creating result directory...
loading problem...
./graphs/u3R_6n_123457.gpickle
Problem: SparsePauliOp(['IIIZIZ', 'IIIZZI', 'IIZIIZ', 'IIZIZI', 'IZIIZI', 'IZZIII', 'ZIIIIZ', 'ZIIZII', 'ZZIIII'],
              coeffs=[0.5+0.j, 0.5+0.j, 0.5+0.j, 0.5+0.j, 0.5+0.j, 0.5+0.j, 0.5+0.j, 0.5+0.j,
 0.5+0.j]), offset:-4.5
instantiating estimator...
beginning scan...
  
-------Depth 1-------
creating QAOAAnsatz of depth 1...
creating scan params...
creating cartesian grid over [-0.7853981633974483, 0.7853981633974483]x[-1.5707963267948966, 1.5707963267948966] with resolution 32x32 and fixed parameters None...
running estimator with scan parameters...
evaluating best parameters...
Best params for depth 1:
params [-0.3293605201344138, 0.5573793417659312] with expectation -1.4330815433025659
params [0.32936052013441386, -0.557379341765931] with expectation -1.4330815433025657
params [-0.3800313693858621, 0.5573793417659312] with expectation -1.4251520386731382
params [0.38003136938586213, -0.557379341765931] with expectation -1.425152038673138
params [-0.3293605201344138, 0.6587210402688277] with expectation -1.4041106380262074
params [0.32936052013441386, -0.6587210402688276] with expectation -1.4041106380262074
params [-0.3800313693858621, 0.6587210402688277] with expectation -1.3865961732531198
params [0.38003136938586213, -0.6587210402688276] with expectation -1.3865961732531193
params [-0.3800313693858621, 0.45603764326303464] with expectation -1.372744080285442
params [0.38003136938586213, -0.4560376432630344] with expectation -1.3727440802854414
saving results as json...
  
-------Depth 2-------
creating QAOAAnsatz of depth 2...
creating scan params...
creating cartesian grid over [-0.7853981633974483, 0.7853981633974483]x[-1.5707963267948966, 1.5707963267948966] with resolution 32x32 and fixed parameters [-0.3293605201344138, 0.5573793417659312]...
running estimator with scan parameters...
evaluating best parameters...
Best params for depth 2:
params [-0.3293605201344138, -0.2280188216315172, 0.5573793417659312, 1.0640878342804139] with expectation -1.9025772941848944
params [-0.3293605201344138, -0.2280188216315172, 0.5573793417659312, 1.1654295327833104] with expectation -1.8973890868286603
params [-0.3293605201344138, -0.2786896708829655, 0.5573793417659312, 1.0640878342804139] with expectation -1.8950298714938598
params [-0.3293605201344138, -0.2280188216315172, 0.5573793417659312, 0.9627461357775173] with expectation -1.894187670382646
params [-0.3293605201344138, -0.2786896708829655, 0.5573793417659312, 1.1654295327833104] with expectation -1.8907976390239116
params [-0.3293605201344138, -0.2786896708829655, 0.5573793417659312, 0.9627461357775173] with expectation -1.8825352489588147
params [-0.3293605201344138, -0.2280188216315172, 0.5573793417659312, 1.266771231286207] with expectation -1.8817576896477954
params [-0.3293605201344138, -0.2786896708829655, 0.5573793417659312, 1.266771231286207] with expectation -1.873603403867956
params [-0.3293605201344138, -0.2280188216315172, 0.5573793417659312, 0.8614044372746208] with expectation -1.868774699727607
params [-0.3293605201344138, -0.17734797238006894, 0.5573793417659312, 1.0640878342804139] with expectation -1.8664888054582103
saving results as json...
  
-------Depth 3-------
creating QAOAAnsatz of depth 3...
creating scan params...
creating cartesian grid over [-0.7853981633974483, 0.7853981633974483]x[-1.5707963267948966, 1.5707963267948966] with resolution 32x32 and fixed parameters [-0.3293605201344138, -0.2280188216315172, 0.5573793417659312, 1.0640878342804139]...
running estimator with scan parameters...
evaluating best parameters...
Best params for depth 3:
params [-0.3293605201344138, -0.2280188216315172, -0.12667712312862067, 0.5573793417659312, 1.0640878342804139, 0.9627461357775173] with expectation -2.0811088112576375
params [-0.3293605201344138, -0.2280188216315172, -0.12667712312862067, 0.5573793417659312, 1.0640878342804139, 0.8614044372746208] with expectation -2.0748021875144
params [-0.3293605201344138, -0.2280188216315172, -0.12667712312862067, 0.5573793417659312, 1.0640878342804139, 1.0640878342804139] with expectation -2.0713462510785856
params [-0.3293605201344138, -0.2280188216315172, -0.0760062738771724, 0.5573793417659312, 1.0640878342804139, 0.9627461357775173] with expectation -2.0575268577811556
params [-0.3293605201344138, -0.2280188216315172, -0.12667712312862067, 0.5573793417659312, 1.0640878342804139, 0.7600627387717243] with expectation -2.0542271325059502
params [-0.3293605201344138, -0.2280188216315172, -0.0760062738771724, 0.5573793417659312, 1.0640878342804139, 1.0640878342804139] with expectation -2.0540088572699235
params [-0.3293605201344138, -0.2280188216315172, -0.0760062738771724, 0.5573793417659312, 1.0640878342804139, 0.8614044372746208] with expectation -2.0512113150412827
params [-0.3293605201344138, -0.2280188216315172, -0.12667712312862067, 0.5573793417659312, 1.0640878342804139, 1.1654295327833104] with expectation -2.0450272352137686
params [-0.3293605201344138, -0.2280188216315172, -0.0760062738771724, 0.5573793417659312, 1.0640878342804139, 1.1654295327833104] with expectation -2.0402669589892244
params [-0.3293605201344138, -0.2280188216315172, -0.17734797238006894, 0.5573793417659312, 1.0640878342804139, 0.9627461357775173] with expectation -2.0394044140854106
saving results as json...
  
-------Depth 4-------
creating QAOAAnsatz of depth 4...
creating scan params...
creating cartesian grid over [-0.7853981633974483, 0.7853981633974483]x[-1.5707963267948966, 1.5707963267948966] with resolution 32x32 and fixed parameters [-0.3293605201344138, -0.2280188216315172, -0.12667712312862067, 0.5573793417659312, 1.0640878342804139, 0.9627461357775173]...
running estimator with scan parameters...
evaluating best parameters...
Best params for depth 4:
params [-0.3293605201344138, -0.2280188216315172, -0.12667712312862067, -0.025335424625724134, 0.5573793417659312, 1.0640878342804139, 0.9627461357775173, -0.9627461357775172] with expectation -2.0882725552133787
params [-0.3293605201344138, -0.2280188216315172, -0.12667712312862067, -0.025335424625724134, 0.5573793417659312, 1.0640878342804139, 0.9627461357775173, -1.0640878342804139] with expectation -2.088063267142936
params [-0.3293605201344138, -0.2280188216315172, -0.12667712312862067, -0.025335424625724134, 0.5573793417659312, 1.0640878342804139, 0.9627461357775173, -0.8614044372746207] with expectation -2.088018497841217
params [-0.3293605201344138, -0.2280188216315172, -0.12667712312862067, -0.025335424625724134, 0.5573793417659312, 1.0640878342804139, 0.9627461357775173, -1.1654295327833104] with expectation -2.087478872571959
params [-0.3293605201344138, -0.2280188216315172, -0.12667712312862067, -0.025335424625724134, 0.5573793417659312, 1.0640878342804139, 0.9627461357775173, -0.7600627387717241] with expectation -2.0872422559132335
params [-0.3293605201344138, -0.2280188216315172, -0.12667712312862067, -0.025335424625724134, 0.5573793417659312, 1.0640878342804139, 0.9627461357775173, -1.266771231286207] with expectation -2.086628511224468
params [-0.3293605201344138, -0.2280188216315172, -0.12667712312862067, -0.025335424625724134, 0.5573793417659312, 1.0640878342804139, 0.9627461357775173, -0.6587210402688276] with expectation -2.0859205446360503
params [-0.3293605201344138, -0.2280188216315172, -0.12667712312862067, -0.025335424625724134, 0.5573793417659312, 1.0640878342804139, 0.9627461357775173, -1.3681129297891035] with expectation -2.085632133730667
params [-0.3293605201344138, -0.2280188216315172, -0.12667712312862067, -0.025335424625724134, 0.5573793417659312, 1.0640878342804139, 0.9627461357775173, -1.469454628292] with expectation -2.0846097022880428
params [-0.3293605201344138, -0.2280188216315172, -0.12667712312862067, -0.025335424625724134, 0.5573793417659312, 1.0640878342804139, 0.9627461357775173, -0.557379341765931] with expectation -2.0840688821733186
saving results as json...
  
-------Depth 5-------
creating QAOAAnsatz of depth 5...
creating scan params...
creating cartesian grid over [-0.7853981633974483, 0.7853981633974483]x[-1.5707963267948966, 1.5707963267948966] with resolution 32x32 and fixed parameters [-0.3293605201344138, -0.2280188216315172, -0.12667712312862067, -0.025335424625724134, 0.5573793417659312, 1.0640878342804139, 0.9627461357775173, -0.9627461357775172]...
running estimator with scan parameters...
evaluating best parameters...
Best params for depth 5:
params [-0.3293605201344138, -0.2280188216315172, -0.12667712312862067, -0.025335424625724134, -0.025335424625724134, 0.5573793417659312, 1.0640878342804139, 0.9627461357775173, -0.9627461357775172, -1.469454628292] with expectation -2.09174571663036
params [-0.3293605201344138, -0.2280188216315172, -0.12667712312862067, -0.025335424625724134, 0.025335424625724134, 0.5573793417659312, 1.0640878342804139, 0.9627461357775173, -0.9627461357775172, 1.5707963267948966] with expectation -2.0916779109367063
params [-0.3293605201344138, -0.2280188216315172, -0.12667712312862067, -0.025335424625724134, -0.025335424625724134, 0.5573793417659312, 1.0640878342804139, 0.9627461357775173, -0.9627461357775172, -1.5707963267948966] with expectation -2.0916779109367063
params [-0.3293605201344138, -0.2280188216315172, -0.12667712312862067, -0.025335424625724134, -0.025335424625724134, 0.5573793417659312, 1.0640878342804139, 0.9627461357775173, -0.9627461357775172, -1.3681129297891035] with expectation -2.0914875590008752
params [-0.3293605201344138, -0.2280188216315172, -0.12667712312862067, -0.025335424625724134, 0.025335424625724134, 0.5573793417659312, 1.0640878342804139, 0.9627461357775173, -0.9627461357775172, 1.469454628292] with expectation -2.0912797959548413
params [-0.3293605201344138, -0.2280188216315172, -0.12667712312862067, -0.025335424625724134, -0.025335424625724134, 0.5573793417659312, 1.0640878342804139, 0.9627461357775173, -0.9627461357775172, -1.266771231286207] with expectation -2.0909335293135975
params [-0.3293605201344138, -0.2280188216315172, -0.12667712312862067, -0.025335424625724134, 0.025335424625724134, 0.5573793417659312, 1.0640878342804139, 0.9627461357775173, -0.9627461357775172, 1.3681129297891035] with expectation -2.0905733629894736
params [-0.3293605201344138, -0.2280188216315172, -0.12667712312862067, -0.025335424625724134, -0.025335424625724134, 0.5573793417659312, 1.0640878342804139, 0.9627461357775173, -0.9627461357775172, -1.1654295327833104] with expectation -2.0901364366286255
params [-0.3293605201344138, -0.2280188216315172, -0.12667712312862067, -0.025335424625724134, 0.025335424625724134, 0.5573793417659312, 1.0640878342804139, 0.9627461357775173, -0.9627461357775172, 1.266771231286207] with expectation -2.0896050225645
params [-0.3293605201344138, -0.2280188216315172, -0.12667712312862067, -0.025335424625724134, -0.025335424625724134, 0.5573793417659312, 1.0640878342804139, 0.9627461357775173, -0.9627461357775172, -1.0640878342804139] with expectation -2.0891666468004186
saving results as json...
-----------------------------------------------------------------------------------------------------------------------------------------------
Scan finished
exists
-----------------------------------------------------------------------------------------------------------------------------------------------
Plotting results for scans contained in ['./results/reproduction/maxcut/higher_p/sequential/graph123457_32x32scan_6qubits_p1to5_maxcut_symmetry']...
-----------------------------------------------------------------------------------------------------------------------------------------------
creating single instance plots...
---Meshplot (1/1)---
Plotting results as colormesh...
saving plot: creating file for each format in ['pdf']...
saved as ./results/reproduction/maxcut/higher_p/sequential/graph123457_32x32scan_6qubits_p1to5_maxcut_symmetry/meshplot_32x32scan_p5_6qubits.pdf
