scanning
-----------------------------------------------------------------------------------------------------------------------------------------------
Running qaoa with 6 qubits from p=1 to p=2 within bounds [-1.5707963267948966, 1.5707963267948966]x[-3.141592653589793, 3.141592653589793] with resolution 32x32
-----------------------------------------------------------------------------------------------------------------------------------------------
creating result directory...
loading problem...
./graphs/u3R_6n_123456.gpickle
Problem: SparsePauliOp(['IIIIIZ', 'IIIIZI', 'IIIZII', 'IIZIII', 'IZIIII', 'ZIIIII', 'IIIIZZ', 'IIIZZI', 'IIZIIZ', 'IZIIIZ', 'IZIZII', 'IZZIII', 'ZIIIZI', 'ZIIZII', 'ZIZIII'],
              coeffs=[4.75+0.j, 4.75+0.j, 4.75+0.j, 4.75+0.j, 4.75+0.j, 4.75+0.j, 1.75+0.j,
 1.75+0.j, 1.75+0.j, 1.75+0.j, 1.75+0.j, 1.75+0.j, 1.75+0.j, 1.75+0.j,
 1.75+0.j]), offset:18.75
instantiating estimator...
beginning scan...
  
-------Depth 1-------
creating QAOAAnsatz of depth 1...
creating scan params...
creating cartesian grid over [-1.5707963267948966, 1.5707963267948966]x[-3.141592653589793, 3.141592653589793] with resolution 32x32 and fixed parameters None...
running estimator with scan parameters...
evaluating best parameters...
Best params for depth 1:
params [0.5573793417659312, 2.736225859578207] with expectation -12.89306002042321
params [-0.557379341765931, -2.736225859578207] with expectation -12.893060020423206
params [0.6587210402688277, 2.736225859578207] with expectation -12.748913346517599
params [-0.6587210402688276, -2.736225859578207] with expectation -12.748913346517574
params [0.5573793417659312, -0.10134169850289654] with expectation -12.58495964832052
params [-0.557379341765931, 0.10134169850289654] with expectation -12.584959648320517
params [-0.4560376432630344, 0.10134169850289654] with expectation -12.556131278256668
params [0.45603764326303464, -0.10134169850289654] with expectation -12.556131278256665
params [0.45603764326303464, 2.736225859578207] with expectation -12.509362723562187
params [-0.4560376432630344, -2.736225859578207] with expectation -12.50936272356218
saving results as json...
  
-------Depth 2-------
creating QAOAAnsatz of depth 2...
creating scan params...
creating cartesian grid over [-1.5707963267948966, 1.5707963267948966]x[-3.141592653589793, 3.141592653589793] with resolution 32x32 and fixed parameters [0.5573793417659312, 2.736225859578207]...
running estimator with scan parameters...
evaluating best parameters...
Best params for depth 2:
params [0.5573793417659312, -0.1520125477543448, 2.736225859578207, -1.5201254775434483] with expectation -13.660402180832682
params [0.5573793417659312, 0.1520125477543448, 2.736225859578207, 1.1147586835318624] with expectation -13.655884866327746
params [0.5573793417659312, 0.1520125477543448, 2.736225859578207, 2.330859065566621] with expectation -13.633003775256462
params [0.5573793417659312, -0.1520125477543448, 2.736225859578207, -0.3040250955086896] with expectation -13.577404291870794
params [0.5573793417659312, -0.1520125477543448, 2.736225859578207, -1.3174420805376552] with expectation -13.559957226068272
params [0.5573793417659312, -0.1520125477543448, 2.736225859578207, -2.533542462572414] with expectation -13.524515603774137
params [0.5573793417659312, 0.1520125477543448, 2.736225859578207, 2.1281756685608277] with expectation -13.521187858190025
params [0.5573793417659312, 0.1520125477543448, 2.736225859578207, -2.938909256584] with expectation -13.416887348808721
params [0.5573793417659312, 0.1520125477543448, 2.736225859578207, 1.3174420805376554] with expectation -13.37579757760394
params [0.5573793417659312, 0.1520125477543448, 2.736225859578207, 0.10134169850289654] with expectation -13.317854079706724
saving results as json...
-----------------------------------------------------------------------------------------------------------------------------------------------
Scan finished
-----------------------------------------------------------------------------------------------------------------------------------------------
Plotting results for scans contained in ['./results/reproduction/vertcover/sequential/graph123456_32x32scan_6qubits_p1to2_general_symmetry']...
-----------------------------------------------------------------------------------------------------------------------------------------------
creating single instance plots...
---Meshplot (1/1)---
Plotting results as colormesh...
saving plot: creating file for each format in ['pdf']...
saved as ./results/reproduction/vertcover/sequential/graph123456_32x32scan_6qubits_p1to2_general_symmetry/meshplot_32x32scan_p2_6qubits.pdf
