loading problem...
./graphs/u3R_6n_123456.gpickle
Problem: SparsePauliOp(['IIIIZZ', 'IIIZZI', 'IIZIIZ', 'IZIIIZ', 'IZIZII', 'IZZIII', 'ZIIIZI', 'ZIIZII', 'ZIZIII'],
              coeffs=[0.5+0.j, 0.5+0.j, 0.5+0.j, 0.5+0.j, 0.5+0.j, 0.5+0.j, 0.5+0.j, 0.5+0.j,
 0.5+0.j]), offset: -4.5
instantiating sampler...
instantiating COBYLA optimizer...
loading best parameters for highest p found in ./graphs/u3R_6n_123456.gpickle...
-----------------------------------------------------------------------------------------------------------------------------------------------
Optimizing QAOA parameters for 5 layers using COBYLA starting from initial point [0.3, 0.24, 0.18, 0.12, -0.7853981633974483, 0.12, 0.24, 0.36, 0.48, -0.6587210402688276]...
-----------------------------------------------------------------------------------------------------------------------------------------------
instantiating QAOA wrapper...
running optimization...
Optimization finished
n: 6
p: 5
init_params: [0.3, 0.24, 0.18, 0.12, -0.7853981633974483, 0.12, 0.24, 0.36, 0.48, -0.6587210402688276]
optimizeroptimizer_evals: 1000
opt_params: [ 1.07641898 -0.34107927  0.5822361   0.04420539 -0.77044139  0.4211473
  0.92805207  0.88587906  0.57850656 -0.48672715]
opt_value: -2.383769941650466
optimizer_time: 447.24393820762634
-----------------------------------------------------------------------------------------------------------------------------------------------
-----------------------------------------------------------------------------------------------------------------------------------------------
Running qaoa with 6 qubits from p=1 to p=5 within bounds [-0.7853981633974483, 0.7853981633974483]x[-1.5707963267948966, 1.5707963267948966] with resolution 32x32
-----------------------------------------------------------------------------------------------------------------------------------------------
creating result directory...
loading problem...
./graphs/u3R_6n_123456.gpickle
Problem: SparsePauliOp(['IIIIZZ', 'IIIZZI', 'IIZIIZ', 'IZIIIZ', 'IZIZII', 'IZZIII', 'ZIIIZI', 'ZIIZII', 'ZIZIII'],
              coeffs=[0.5+0.j, 0.5+0.j, 0.5+0.j, 0.5+0.j, 0.5+0.j, 0.5+0.j, 0.5+0.j, 0.5+0.j,
 0.5+0.j]), offset:-4.5
instantiating estimator...
beginning scan...
  
-------Depth 1-------
creating QAOAAnsatz of depth 1...
creating scan params...
creating cartesian grid over [-0.7853981633974483, 0.7853981633974483]x[-1.5707963267948966, 1.5707963267948966] with resolution 32x32 and fixed parameters []...
running estimator with scan parameters...
evaluating best parameters...
Best params for depth 1:
params [-0.3293605201344138, 0.5573793417659312] with expectation -1.4330815433025659
params [0.32936052013441386, -0.557379341765931] with expectation -1.4330815433025654
params [-0.3800313693858621, 0.5573793417659312] with expectation -1.4251520386731387
params [0.38003136938586213, -0.557379341765931] with expectation -1.425152038673138
params [0.32936052013441386, -0.6587210402688276] with expectation -1.4041106380262072
params [-0.3293605201344138, 0.6587210402688277] with expectation -1.4041106380262072
params [-0.3800313693858621, 0.6587210402688277] with expectation -1.3865961732531198
params [0.38003136938586213, -0.6587210402688276] with expectation -1.3865961732531198
params [-0.3800313693858621, 0.45603764326303464] with expectation -1.3727440802854418
params [0.38003136938586213, -0.4560376432630344] with expectation -1.3727440802854414
saving results as json...
  
-------Depth 3-------
fixing parameters to imported parameters [1.0764189757118539, -0.34107927071576216, 0.42114730422534086, 0.9280520720315867] for beta3,gamma3 and increasing depth...
creating QAOAAnsatz of depth 3...
creating scan params...
creating cartesian grid over [-0.7853981633974483, 0.7853981633974483]x[-1.5707963267948966, 1.5707963267948966] with resolution 32x32 and fixed parameters [1.0764189757118539, -0.34107927071576216, 0.42114730422534086, 0.9280520720315867]...
running estimator with scan parameters...
evaluating best parameters...
Best params for depth 3:
params [1.0764189757118539, -0.34107927071576216, -0.17734797238006894, 0.42114730422534086, 0.9280520720315867, 1.0640878342804139] with expectation -2.356797639633997
params [1.0764189757118539, -0.34107927071576216, -0.17734797238006894, 0.42114730422534086, 0.9280520720315867, 1.1654295327833104] with expectation -2.3496714546675195
params [1.0764189757118539, -0.34107927071576216, -0.12667712312862067, 0.42114730422534086, 0.9280520720315867, 1.0640878342804139] with expectation -2.343983445806882
params [1.0764189757118539, -0.34107927071576216, -0.12667712312862067, 0.42114730422534086, 0.9280520720315867, 1.1654295327833104] with expectation -2.3408027234810986
params [1.0764189757118539, -0.34107927071576216, -0.17734797238006894, 0.42114730422534086, 0.9280520720315867, 0.9627461357775173] with expectation -2.335900145538923
params [1.0764189757118539, -0.34107927071576216, -0.12667712312862067, 0.42114730422534086, 0.9280520720315867, 0.9627461357775173] with expectation -2.3260222768094314
params [1.0764189757118539, -0.34107927071576216, -0.12667712312862067, 0.42114730422534086, 0.9280520720315867, 1.266771231286207] with expectation -2.3174633751445137
params [1.0764189757118539, -0.34107927071576216, -0.17734797238006894, 0.42114730422534086, 0.9280520720315867, 1.266771231286207] with expectation -2.3161211397791677
params [1.0764189757118539, -0.34107927071576216, -0.2280188216315172, 0.42114730422534086, 0.9280520720315867, 1.0640878342804139] with expectation -2.3031276221242254
params [1.0764189757118539, -0.34107927071576216, -0.2280188216315172, 0.42114730422534086, 0.9280520720315867, 1.1654295327833104] with expectation -2.2907363851942826
saving results as json...
  
-------Depth 5-------
fixing parameters to imported parameters [1.0764189757118539, -0.34107927071576216, 0.5822361046993758, 0.04420538680712293, 0.42114730422534086, 0.9280520720315867, 0.8858790567470726, 0.5785065553938574] for beta5,gamma5 and increasing depth...
creating QAOAAnsatz of depth 5...
creating scan params...
creating cartesian grid over [-0.7853981633974483, 0.7853981633974483]x[-1.5707963267948966, 1.5707963267948966] with resolution 32x32 and fixed parameters [1.0764189757118539, -0.34107927071576216, 0.5822361046993758, 0.04420538680712293, 0.42114730422534086, 0.9280520720315867, 0.8858790567470726, 0.5785065553938574]...
running estimator with scan parameters...
evaluating best parameters...
Best params for depth 5:
params [1.0764189757118539, -0.34107927071576216, 0.5822361046993758, 0.04420538680712293, -0.7853981633974483, 0.42114730422534086, 0.9280520720315867, 0.8858790567470726, 0.5785065553938574, -0.4560376432630344] with expectation -2.37362321967183
params [1.0764189757118539, -0.34107927071576216, 0.5822361046993758, 0.04420538680712293, 0.7853981633974483, 0.42114730422534086, 0.9280520720315867, 0.8858790567470726, 0.5785065553938574, -0.4560376432630344] with expectation -2.37362321967183
params [1.0764189757118539, -0.34107927071576216, 0.5822361046993758, 0.04420538680712293, -0.734727314146, 0.42114730422534086, 0.9280520720315867, 0.8858790567470726, 0.5785065553938574, -0.4560376432630344] with expectation -2.3608195279148347
params [1.0764189757118539, -0.34107927071576216, 0.5822361046993758, 0.04420538680712293, -0.7853981633974483, 0.42114730422534086, 0.9280520720315867, 0.8858790567470726, 0.5785065553938574, -0.557379341765931] with expectation -2.3426294042778886
params [1.0764189757118539, -0.34107927071576216, 0.5822361046993758, 0.04420538680712293, 0.7853981633974483, 0.42114730422534086, 0.9280520720315867, 0.8858790567470726, 0.5785065553938574, -0.557379341765931] with expectation -2.3426294042778886
params [1.0764189757118539, -0.34107927071576216, 0.5822361046993758, 0.04420538680712293, -0.734727314146, 0.42114730422534086, 0.9280520720315867, 0.8858790567470726, 0.5785065553938574, -0.557379341765931] with expectation -2.3274323979679226
params [1.0764189757118539, -0.34107927071576216, 0.5822361046993758, 0.04420538680712293, 0.734727314146, 0.42114730422534086, 0.9280520720315867, 0.8858790567470726, 0.5785065553938574, -0.4560376432630344] with expectation -2.3241634579673414
params [1.0764189757118539, -0.34107927071576216, 0.5822361046993758, 0.04420538680712293, 0.734727314146, 0.42114730422534086, 0.9280520720315867, 0.8858790567470726, 0.5785065553938574, -0.557379341765931] with expectation -2.2961974023482945
params [1.0764189757118539, -0.34107927071576216, 0.5822361046993758, 0.04420538680712293, -0.6840564648945517, 0.42114730422534086, 0.9280520720315867, 0.8858790567470726, 0.5785065553938574, -0.4560376432630344] with expectation -2.286276567341266
params [1.0764189757118539, -0.34107927071576216, 0.5822361046993758, 0.04420538680712293, -0.6840564648945517, 0.42114730422534086, 0.9280520720315867, 0.8858790567470726, 0.5785065553938574, -0.557379341765931] with expectation -2.251228550642306
saving results as json...
-----------------------------------------------------------------------------------------------------------------------------------------------
Scan finished
estimator_data_32x32scan_p1_6qubits.json
0
loading estimator_data_32x32scan_p1_6qubits.json and extracting data....
estimator_data_32x32scan_p3_6qubits.json
2
loading estimator_data_32x32scan_p3_6qubits.json and extracting data....
estimator_data_32x32scan_p5_6qubits.json
4
loading estimator_data_32x32scan_p5_6qubits.json and extracting data....
saving results as json...
exists
-----------------------------------------------------------------------------------------------------------------------------------------------
Plotting results for scans contained in ['./results/reproduction/maxcut/optimised/graph123456_32x32scan_6qubits_p1to5_COBYLA_optimized_maxcut_symmetry']...
-----------------------------------------------------------------------------------------------------------------------------------------------
creating single instance plots...
---Meshplot (1/1)---
Plotting results as colormesh...
saving plot: creating file for each format in ['pdf']...
saved as ./results/reproduction/maxcut/optimised/graph123456_32x32scan_6qubits_p1to5_COBYLA_optimized_maxcut_symmetry/meshplot_32x32scan_p6_6qubits.pdf

   Return from subroutine COBYLA because the MAXFUN limit has been reached.

   NFVALS = 1000   F =-2.383770E+00    MAXCV = 0.000000E+00
   X = 1.076419E+00  -3.410793E-01   5.822361E-01   4.420539E-02  -7.704414E-01
       4.211473E-01   9.280521E-01   8.858791E-01   5.785066E-01  -4.867271E-01
