-----------------------------------------------------------------------------------------------------------------------------------------------
Running qaoa with 6 qubits from p=1 to p=2 within bounds [-0.7853981633974483, 0.7853981633974483]x[-1.5707963267948966, 1.5707963267948966] with resolution 32x32
-----------------------------------------------------------------------------------------------------------------------------------------------
creating result directory...
loading problem...
./graphs/u3R_6n_123457.gpickle
Problem: SparsePauliOp(['IIIZIZ', 'IIIZZI', 'IIZIIZ', 'IIZIZI', 'IZIIZI', 'IZZIII', 'ZIIIIZ', 'ZIIZII', 'ZZIIII'],
              coeffs=[0.5+0.j, 0.5+0.j, 0.5+0.j, 0.5+0.j, 0.5+0.j, 0.5+0.j, 0.5+0.j, 0.5+0.j,
 0.5+0.j]), offset:-4.5
instantiating estimator...
beginning scan...
  
-------Depth 1-------
creating QAOAAnsatz of depth 1...
creating scan params...
creating cartesian grid over [-0.7853981633974483, 0.7853981633974483]x[-1.5707963267948966, 1.5707963267948966] with resolution 32x32 and fixed parameters []...
running estimator with scan parameters...
evaluating best parameters...
Best params for depth 1:
params [-0.3293605201344138, 0.5573793417659312] with expectation -1.4330815433025659
params [0.32936052013441386, -0.557379341765931] with expectation -1.4330815433025657
params [-0.3800313693858621, 0.5573793417659312] with expectation -1.4251520386731382
params [0.38003136938586213, -0.557379341765931] with expectation -1.425152038673138
params [-0.3293605201344138, 0.6587210402688277] with expectation -1.4041106380262074
params [0.32936052013441386, -0.6587210402688276] with expectation -1.4041106380262074
params [-0.3800313693858621, 0.6587210402688277] with expectation -1.3865961732531198
params [0.38003136938586213, -0.6587210402688276] with expectation -1.3865961732531193
params [-0.3800313693858621, 0.45603764326303464] with expectation -1.372744080285442
params [0.38003136938586213, -0.4560376432630344] with expectation -1.3727440802854414
saving results as json...
  
-------Depth 2-------
fixing parameters to imported parameters [-0.3, 0.3] for beta2,gamma2 and increasing depth...
creating QAOAAnsatz of depth 2...
creating scan params...
creating cartesian grid over [-0.7853981633974483, 0.7853981633974483]x[-1.5707963267948966, 1.5707963267948966] with resolution 32x32 and fixed parameters [-0.3, 0.3]...
running estimator with scan parameters...
evaluating best parameters...
Best params for depth 2:
params [-0.3, -0.2280188216315172, 0.3, 0.6587210402688277] with expectation -1.7289172634459857
params [-0.3, -0.2786896708829655, 0.3, 0.6587210402688277] with expectation -1.7236957466290455
params [-0.3, -0.2280188216315172, 0.3, 0.5573793417659312] with expectation -1.7179195768228424
params [-0.3, -0.2786896708829655, 0.3, 0.5573793417659312] with expectation -1.7029776156258158
params [-0.3, -0.2280188216315172, 0.3, 0.7600627387717243] with expectation -1.699567492250475
params [-0.3, -0.2786896708829655, 0.3, 0.7600627387717243] with expectation -1.6986461068963632
params [-0.3, 0.22801882163151732, 0.3, -0.8614044372746207] with expectation -1.6775154889396764
params [-0.3, -0.17734797238006894, 0.3, 0.6587210402688277] with expectation -1.6734293912712095
params [-0.3, -0.17734797238006894, 0.3, 0.5573793417659312] with expectation -1.6697753509295374
params [-0.3, -0.2280188216315172, 0.3, 0.45603764326303464] with expectation -1.6603863736782298
saving results as json...
-----------------------------------------------------------------------------------------------------------------------------------------------
Scan finished
exists
-----------------------------------------------------------------------------------------------------------------------------------------------
Plotting results for scans contained in ['./results/reproduction/maxcut/linear_ramp_neg_mixer/graph123457_32x32scan_6qubits_p1to2_None_optimized_maxcut_symmetry']...
-----------------------------------------------------------------------------------------------------------------------------------------------
creating single instance plots...
---Meshplot (1/1)---
Plotting results as colormesh...
saving plot: creating file for each format in ['pdf']...
saved as ./results/reproduction/maxcut/linear_ramp_neg_mixer/graph123457_32x32scan_6qubits_p1to2_None_optimized_maxcut_symmetry/meshplot_32x32scan_p2_6qubits.pdf
