loading problem...
./graphs/u3R_6n_123457.gpickle
Problem: SparsePauliOp(['IIIZIZ', 'IIIZZI', 'IIZIIZ', 'IIZIZI', 'IZIIZI', 'IZZIII', 'ZIIIIZ', 'ZIIZII', 'ZZIIII'],
              coeffs=[0.5+0.j, 0.5+0.j, 0.5+0.j, 0.5+0.j, 0.5+0.j, 0.5+0.j, 0.5+0.j, 0.5+0.j,
 0.5+0.j]), offset: -4.5
instantiating sampler...
instantiating COBYLA optimizer...
loading best parameters for highest p found in ./graphs/u3R_6n_123457.gpickle...
-----------------------------------------------------------------------------------------------------------------------------------------------
Optimizing QAOA parameters for 5 layers using COBYLA starting from initial point [0.3, 0.24, 0.18, 0.12, -0.7853981633974483, 0.12, 0.24, 0.36, 0.48, -0.6587210402688276]...
-----------------------------------------------------------------------------------------------------------------------------------------------
instantiating QAOA wrapper...
running optimization...
Optimization finished
n: 6
p: 5
init_params: [0.3, 0.24, 0.18, 0.12, -0.7853981633974483, 0.12, 0.24, 0.36, 0.48, -0.6587210402688276]
optimizeroptimizer_evals: 1000
opt_params: [ 1.07201659 -0.34307992  0.53015375  0.02944199 -0.70929554  0.4242818
  0.92460116  0.90227447  0.51662846 -0.42724317]
opt_value: -2.384240679594584
optimizer_time: 435.37414813041687
-----------------------------------------------------------------------------------------------------------------------------------------------
-----------------------------------------------------------------------------------------------------------------------------------------------
Running qaoa with 6 qubits from p=1 to p=5 within bounds [-0.7853981633974483, 0.7853981633974483]x[-1.5707963267948966, 1.5707963267948966] with resolution 32x32
-----------------------------------------------------------------------------------------------------------------------------------------------
creating result directory...
loading problem...
./graphs/u3R_6n_123457.gpickle
Problem: SparsePauliOp(['IIIZIZ', 'IIIZZI', 'IIZIIZ', 'IIZIZI', 'IZIIZI', 'IZZIII', 'ZIIIIZ', 'ZIIZII', 'ZZIIII'],
              coeffs=[0.5+0.j, 0.5+0.j, 0.5+0.j, 0.5+0.j, 0.5+0.j, 0.5+0.j, 0.5+0.j, 0.5+0.j,
 0.5+0.j]), offset:-4.5
instantiating estimator...
beginning scan...
  
-------Depth 1-------
creating QAOAAnsatz of depth 1...
creating scan params...
creating cartesian grid over [-0.7853981633974483, 0.7853981633974483]x[-1.5707963267948966, 1.5707963267948966] with resolution 32x32 and fixed parameters []...
running estimator with scan parameters...
evaluating best parameters...
Best params for depth 1:
params [-0.3293605201344138, 0.5573793417659312] with expectation -1.4330815433025659
params [0.32936052013441386, -0.557379341765931] with expectation -1.4330815433025657
params [-0.3800313693858621, 0.5573793417659312] with expectation -1.4251520386731382
params [0.38003136938586213, -0.557379341765931] with expectation -1.425152038673138
params [-0.3293605201344138, 0.6587210402688277] with expectation -1.4041106380262074
params [0.32936052013441386, -0.6587210402688276] with expectation -1.4041106380262074
params [-0.3800313693858621, 0.6587210402688277] with expectation -1.3865961732531198
params [0.38003136938586213, -0.6587210402688276] with expectation -1.3865961732531193
params [-0.3800313693858621, 0.45603764326303464] with expectation -1.372744080285442
params [0.38003136938586213, -0.4560376432630344] with expectation -1.3727440802854414
saving results as json...
  
-------Depth 3-------
fixing parameters to imported parameters [1.0720165930116, -0.3430799170321121, 0.4242818005318957, 0.924601158414229] for beta3,gamma3 and increasing depth...
creating QAOAAnsatz of depth 3...
creating scan params...
creating cartesian grid over [-0.7853981633974483, 0.7853981633974483]x[-1.5707963267948966, 1.5707963267948966] with resolution 32x32 and fixed parameters [1.0720165930116, -0.3430799170321121, 0.4242818005318957, 0.924601158414229]...
running estimator with scan parameters...
evaluating best parameters...
Best params for depth 3:
params [1.0720165930116, -0.3430799170321121, -0.17734797238006894, 0.4242818005318957, 0.924601158414229, 1.0640878342804139] with expectation -2.359146855443883
params [1.0720165930116, -0.3430799170321121, -0.17734797238006894, 0.4242818005318957, 0.924601158414229, 1.1654295327833104] with expectation -2.3518514967166695
params [1.0720165930116, -0.3430799170321121, -0.12667712312862067, 0.4242818005318957, 0.924601158414229, 1.0640878342804139] with expectation -2.3462576201884486
params [1.0720165930116, -0.3430799170321121, -0.12667712312862067, 0.4242818005318957, 0.924601158414229, 1.1654295327833104] with expectation -2.3429294187174157
params [1.0720165930116, -0.3430799170321121, -0.17734797238006894, 0.4242818005318957, 0.924601158414229, 0.9627461357775173] with expectation -2.3383332284881106
params [1.0720165930116, -0.3430799170321121, -0.12667712312862067, 0.4242818005318957, 0.924601158414229, 0.9627461357775173] with expectation -2.328384898579709
params [1.0720165930116, -0.3430799170321121, -0.12667712312862067, 0.4242818005318957, 0.924601158414229, 1.266771231286207] with expectation -2.3194611173085002
params [1.0720165930116, -0.3430799170321121, -0.17734797238006894, 0.4242818005318957, 0.924601158414229, 1.266771231286207] with expectation -2.318165289526568
params [1.0720165930116, -0.3430799170321121, -0.2280188216315172, 0.4242818005318957, 0.924601158414229, 1.0640878342804139] with expectation -2.3053980530657294
params [1.0720165930116, -0.3430799170321121, -0.2280188216315172, 0.4242818005318957, 0.924601158414229, 1.1654295327833104] with expectation -2.2928391013927856
saving results as json...
  
-------Depth 5-------
fixing parameters to imported parameters [1.0720165930116, -0.3430799170321121, 0.5301537462035076, 0.029441988560948634, 0.4242818005318957, 0.924601158414229, 0.9022744676335569, 0.5166284573916856] for beta5,gamma5 and increasing depth...
creating QAOAAnsatz of depth 5...
creating scan params...
creating cartesian grid over [-0.7853981633974483, 0.7853981633974483]x[-1.5707963267948966, 1.5707963267948966] with resolution 32x32 and fixed parameters [1.0720165930116, -0.3430799170321121, 0.5301537462035076, 0.029441988560948634, 0.4242818005318957, 0.924601158414229, 0.9022744676335569, 0.5166284573916856]...
running estimator with scan parameters...
evaluating best parameters...
Best params for depth 5:
params [1.0720165930116, -0.3430799170321121, 0.5301537462035076, 0.029441988560948634, -0.734727314146, 0.4242818005318957, 0.924601158414229, 0.9022744676335569, 0.5166284573916856, -0.4560376432630344] with expectation -2.369473568092862
params [1.0720165930116, -0.3430799170321121, 0.5301537462035076, 0.029441988560948634, -0.6840564648945517, 0.4242818005318957, 0.924601158414229, 0.9022744676335569, 0.5166284573916856, -0.4560376432630344] with expectation -2.3694644227670034
params [1.0720165930116, -0.3430799170321121, 0.5301537462035076, 0.029441988560948634, -0.6840564648945517, 0.4242818005318957, 0.924601158414229, 0.9022744676335569, 0.5166284573916856, -0.3546959447601379] with expectation -2.336366856981977
params [1.0720165930116, -0.3430799170321121, 0.5301537462035076, 0.029441988560948634, -0.734727314146, 0.4242818005318957, 0.924601158414229, 0.9022744676335569, 0.5166284573916856, -0.3546959447601379] with expectation -2.3348920448814035
params [1.0720165930116, -0.3430799170321121, 0.5301537462035076, 0.029441988560948634, -0.7853981633974483, 0.4242818005318957, 0.924601158414229, 0.9022744676335569, 0.5166284573916856, -0.4560376432630344] with expectation -2.3068654010572125
params [1.0720165930116, -0.3430799170321121, 0.5301537462035076, 0.029441988560948634, 0.7853981633974483, 0.4242818005318957, 0.924601158414229, 0.9022744676335569, 0.5166284573916856, -0.4560376432630344] with expectation -2.3068654010572125
params [1.0720165930116, -0.3430799170321121, 0.5301537462035076, 0.029441988560948634, -0.6333856156431035, 0.4242818005318957, 0.924601158414229, 0.9022744676335569, 0.5166284573916856, -0.4560376432630344] with expectation -2.3068383394903447
params [1.0720165930116, -0.3430799170321121, 0.5301537462035076, 0.029441988560948634, -0.6333856156431035, 0.4242818005318957, 0.924601158414229, 0.9022744676335569, 0.5166284573916856, -0.3546959447601379] with expectation -2.2758556453326224
params [1.0720165930116, -0.3430799170321121, 0.5301537462035076, 0.029441988560948634, -0.7853981633974483, 0.4242818005318957, 0.924601158414229, 0.9022744676335569, 0.5166284573916856, -0.3546959447601379] with expectation -2.2714915880115862
params [1.0720165930116, -0.3430799170321121, 0.5301537462035076, 0.029441988560948634, 0.7853981633974483, 0.4242818005318957, 0.924601158414229, 0.9022744676335569, 0.5166284573916856, -0.3546959447601379] with expectation -2.2714915880115862
saving results as json...
-----------------------------------------------------------------------------------------------------------------------------------------------
Scan finished
estimator_data_32x32scan_p1_6qubits.json
0
loading estimator_data_32x32scan_p1_6qubits.json and extracting data....
estimator_data_32x32scan_p3_6qubits.json
2
loading estimator_data_32x32scan_p3_6qubits.json and extracting data....
estimator_data_32x32scan_p5_6qubits.json
4
loading estimator_data_32x32scan_p5_6qubits.json and extracting data....
saving results as json...
exists
-----------------------------------------------------------------------------------------------------------------------------------------------
Plotting results for scans contained in ['./results/reproduction/maxcut/optimised/graph123457_32x32scan_6qubits_p1to5_COBYLA_optimized_maxcut_symmetry']...
-----------------------------------------------------------------------------------------------------------------------------------------------
creating single instance plots...
---Meshplot (1/1)---
Plotting results as colormesh...
saving plot: creating file for each format in ['pdf']...
saved as ./results/reproduction/maxcut/optimised/graph123457_32x32scan_6qubits_p1to5_COBYLA_optimized_maxcut_symmetry/meshplot_32x32scan_p6_6qubits.pdf

   Return from subroutine COBYLA because the MAXFUN limit has been reached.

   NFVALS = 1000   F =-2.384241E+00    MAXCV = 0.000000E+00
   X = 1.072017E+00  -3.430799E-01   5.301537E-01   2.944199E-02  -7.092955E-01
       4.242818E-01   9.246012E-01   9.022745E-01   5.166285E-01  -4.272432E-01
