-----------------------------------------------------------------------------------------------------------------------------------------------
Running qaoa with 6 qubits from p=1 to p=2 within bounds [-1.5707963267948966, 1.5707963267948966]x[-3.141592653589793, 3.141592653589793] with resolution 32x32
-----------------------------------------------------------------------------------------------------------------------------------------------
creating result directory...
loading problem...
./graphs/u3R_6n_123456.gpickle
Problem: SparsePauliOp(['IIIIIZ', 'IIIIZI', 'IIIZII', 'IIZIII', 'IZIIII', 'ZIIIII', 'IIIIZZ', 'IIIZZI', 'IIZIIZ', 'IZIIIZ', 'IZIZII', 'IZZIII', 'ZIIIZI', 'ZIIZII', 'ZIZIII'],
              coeffs=[4.75+0.j, 4.75+0.j, 4.75+0.j, 4.75+0.j, 4.75+0.j, 4.75+0.j, 1.75+0.j,
 1.75+0.j, 1.75+0.j, 1.75+0.j, 1.75+0.j, 1.75+0.j, 1.75+0.j, 1.75+0.j,
 1.75+0.j]), offset:18.75
instantiating estimator...
beginning scan...
  
-------Depth 1-------
creating QAOAAnsatz of depth 1...
creating scan params...
creating cartesian grid over [-1.5707963267948966, 1.5707963267948966]x[-3.141592653589793, 3.141592653589793] with resolution 32x32 and fixed parameters []...
running estimator with scan parameters...
evaluating best parameters...
Best params for depth 1:
params [0.5573793417659312, 2.736225859578207] with expectation -12.89306002042321
params [-0.557379341765931, -2.736225859578207] with expectation -12.893060020423206
params [0.6587210402688277, 2.736225859578207] with expectation -12.748913346517599
params [-0.6587210402688276, -2.736225859578207] with expectation -12.748913346517574
params [0.5573793417659312, -0.10134169850289654] with expectation -12.58495964832052
params [-0.557379341765931, 0.10134169850289654] with expectation -12.584959648320517
params [-0.4560376432630344, 0.10134169850289654] with expectation -12.556131278256668
params [0.45603764326303464, -0.10134169850289654] with expectation -12.556131278256665
params [0.45603764326303464, 2.736225859578207] with expectation -12.509362723562187
params [-0.4560376432630344, -2.736225859578207] with expectation -12.50936272356218
saving results as json...
  
-------Depth 2-------
fixing parameters to imported parameters [0.3, 0.3] for beta2,gamma2 and increasing depth...
creating QAOAAnsatz of depth 2...
creating scan params...
creating cartesian grid over [-1.5707963267948966, 1.5707963267948966]x[-3.141592653589793, 3.141592653589793] with resolution 32x32 and fixed parameters [0.3, 0.3]...
running estimator with scan parameters...
evaluating best parameters...
Best params for depth 2:
params [0.3, -1.266771231286207, 0.3, -2.1281756685608277] with expectation -7.019170545335958
params [0.3, -1.1654295327833104, 0.3, -2.1281756685608277] with expectation -6.8839500623269405
params [0.3, 1.266771231286207, 0.3, 1.5201254775434485] with expectation -6.819776255158266
params [0.3, 1.266771231286207, 0.3, 0.5067084925144827] with expectation -6.806825848816908
params [0.3, 1.1654295327833104, 0.3, 1.5201254775434485] with expectation -6.742396839763813
params [0.3, 1.1654295327833104, 0.3, 0.5067084925144827] with expectation -6.5634813516735795
params [0.3, -1.3681129297891035, 0.3, -2.1281756685608277] with expectation -6.530048361136876
params [0.3, 1.3681129297891035, 0.3, 0.5067084925144827] with expectation -6.401235667950369
params [0.3, -1.0640878342804139, 0.3, -2.1281756685608277] with expectation -6.383651436414782
params [0.3, 1.0640878342804139, 0.3, 1.5201254775434485] with expectation -6.33204100649548
saving results as json...
-----------------------------------------------------------------------------------------------------------------------------------------------
Scan finished
exists
-----------------------------------------------------------------------------------------------------------------------------------------------
Plotting results for scans contained in ['./results/reproduction/vertcover/linear_ramp_pos_mixer/graph123456_32x32scan_6qubits_p1to2_None_optimized_general_symmetry']...
-----------------------------------------------------------------------------------------------------------------------------------------------
creating single instance plots...
---Meshplot (1/1)---
Plotting results as colormesh...
saving plot: creating file for each format in ['pdf']...
saved as ./results/reproduction/vertcover/linear_ramp_pos_mixer/graph123456_32x32scan_6qubits_p1to2_None_optimized_general_symmetry/meshplot_32x32scan_p2_6qubits.pdf
s.pdf
