loading problem...
./graphs/u3R_6n_123457.gpickle
Problem: SparsePauliOp(['IIIZIZ', 'IIIZZI', 'IIZIIZ', 'IIZIZI', 'IZIIZI', 'IZZIII', 'ZIIIIZ', 'ZIIZII', 'ZZIIII'],
              coeffs=[0.5+0.j, 0.5+0.j, 0.5+0.j, 0.5+0.j, 0.5+0.j, 0.5+0.j, 0.5+0.j, 0.5+0.j,
 0.5+0.j]), offset: -4.5
instantiating sampler...
instantiating COBYLA optimizer...
loading best parameters for highest p found in ./graphs/u3R_6n_123457.gpickle...
-----------------------------------------------------------------------------------------------------------------------------------------------
Optimizing QAOA parameters for 2 layers using COBYLA starting from initial point [-0.3293605201344138, -0.2280188216315172, 0.5573793417659312, 1.0640878342804139]...
-----------------------------------------------------------------------------------------------------------------------------------------------
instantiating QAOA wrapper...
running optimization...
Optimization finished
n: 6
p: 2
init_params: [-0.3293605201344138, -0.2280188216315172, 0.5573793417659312, 1.0640878342804139]
optimizeroptimizer_evals: 65
opt_params: [-0.47845267 -0.28588524  0.50251571  0.9170263 ]
opt_value: -2.102948576084932
optimizer_time: 9.515277862548828
-----------------------------------------------------------------------------------------------------------------------------------------------
-----------------------------------------------------------------------------------------------------------------------------------------------
Running qaoa with 6 qubits from p=1 to p=2 within bounds [-0.7853981633974483, 0.7853981633974483]x[-1.5707963267948966, 1.5707963267948966] with resolution 32x32
-----------------------------------------------------------------------------------------------------------------------------------------------
creating result directory...
loading problem...
./graphs/u3R_6n_123457.gpickle
Problem: SparsePauliOp(['IIIZIZ', 'IIIZZI', 'IIZIIZ', 'IIZIZI', 'IZIIZI', 'IZZIII', 'ZIIIIZ', 'ZIIZII', 'ZZIIII'],
              coeffs=[0.5+0.j, 0.5+0.j, 0.5+0.j, 0.5+0.j, 0.5+0.j, 0.5+0.j, 0.5+0.j, 0.5+0.j,
 0.5+0.j]), offset:-4.5
instantiating estimator...
beginning scan...
  
-------Depth 1-------
creating QAOAAnsatz of depth 1...
creating scan params...
creating cartesian grid over [-0.7853981633974483, 0.7853981633974483]x[-1.5707963267948966, 1.5707963267948966] with resolution 32x32 and fixed parameters []...
running estimator with scan parameters...
evaluating best parameters...
Best params for depth 1:
params [-0.3293605201344138, 0.5573793417659312] with expectation -1.4330815433025659
params [0.32936052013441386, -0.557379341765931] with expectation -1.4330815433025657
params [-0.3800313693858621, 0.5573793417659312] with expectation -1.4251520386731382
params [0.38003136938586213, -0.557379341765931] with expectation -1.425152038673138
params [-0.3293605201344138, 0.6587210402688277] with expectation -1.4041106380262074
params [0.32936052013441386, -0.6587210402688276] with expectation -1.4041106380262074
params [-0.3800313693858621, 0.6587210402688277] with expectation -1.3865961732531198
params [0.38003136938586213, -0.6587210402688276] with expectation -1.3865961732531193
params [-0.3800313693858621, 0.45603764326303464] with expectation -1.372744080285442
params [0.38003136938586213, -0.4560376432630344] with expectation -1.3727440802854414
saving results as json...
  
-------Depth 2-------
fixing parameters to imported parameters [-0.4784526717656976, 0.5025157102584492] for beta2,gamma2 and increasing depth...
creating QAOAAnsatz of depth 2...
creating scan params...
creating cartesian grid over [-0.7853981633974483, 0.7853981633974483]x[-1.5707963267948966, 1.5707963267948966] with resolution 32x32 and fixed parameters [-0.4784526717656976, 0.5025157102584492]...
running estimator with scan parameters...
evaluating best parameters...
Best params for depth 2:
params [-0.4784526717656976, -0.2786896708829655, 0.5025157102584492, 0.9627461357775173] with expectation -2.094733882731865
params [-0.4784526717656976, -0.2786896708829655, 0.5025157102584492, 0.8614044372746208] with expectation -2.091030102026081
params [-0.4784526717656976, -0.3293605201344138, 0.5025157102584492, 0.9627461357775173] with expectation -2.0725655301241246
params [-0.4784526717656976, -0.3293605201344138, 0.5025157102584492, 0.8614044372746208] with expectation -2.0668784268263716
params [-0.4784526717656976, -0.2280188216315172, 0.5025157102584492, 0.9627461357775173] with expectation -2.0550672633331075
params [-0.4784526717656976, -0.2280188216315172, 0.5025157102584492, 0.8614044372746208] with expectation -2.053023389064816
params [-0.4784526717656976, -0.2786896708829655, 0.5025157102584492, 1.0640878342804139] with expectation -2.028914136246137
params [-0.4784526717656976, -0.2786896708829655, 0.5025157102584492, 0.7600627387717243] with expectation -2.0091461269492594
params [-0.4784526717656976, -0.3293605201344138, 0.5025157102584492, 1.0640878342804139] with expectation -2.0032281503488196
params [-0.4784526717656976, -0.2280188216315172, 0.5025157102584492, 1.0640878342804139] with expectation -1.9959182493960979
saving results as json...
-----------------------------------------------------------------------------------------------------------------------------------------------
Scan finished
loading estimator_data_32x32scan_p1_6qubits.json and extracting data....
loading estimator_data_32x32scan_p2_6qubits.json and extracting data....
saving results as json...
exists
-----------------------------------------------------------------------------------------------------------------------------------------------
Plotting results for scans contained in ['./results/reproduction/maxcut/optimised/graph123457_32x32scan_6qubits_p1to2_COBYLA_optimized_maxcut_symmetry']...
-----------------------------------------------------------------------------------------------------------------------------------------------
creating single instance plots...
---Meshplot (1/1)---
Plotting results as colormesh...
saving plot: creating file for each format in ['pdf']...
saved as ./results/reproduction/maxcut/optimised/graph123457_32x32scan_6qubits_p1to2_COBYLA_optimized_maxcut_symmetry/meshplot_32x32scan_p2_6qubits.pdf

   Normal return from subroutine COBYLA

   NFVALS =   65   F =-2.102949E+00    MAXCV = 0.000000E+00
   X =-4.784527E-01  -2.858852E-01   5.025157E-01   9.170263E-01
