alpha 1.333 not possible, using alpha=1.3333333333333333 instead  with 3 variables and 4 clauses
SAT Formula:
[((1, False), (2, True), (0, False)), ((2, False), (1, True), (0, True)), ((2, False), (0, True), (1, True)), ((1, True), (2, True), (0, False))]
SAT formula converted to QUBO: 
[[ 1.   1.5 -2.   0.5 -0.5 -0.5  0.5]
 [ 1.5  0.  -1.   0.5 -0.5 -0.5 -0.5]
 [-2.  -1.   3.  -0.5  0.5  0.5 -0.5]
 [ 0.5  0.5 -0.5  0.   0.   0.   0. ]
 [-0.5 -0.5  0.5  0.   1.   0.   0. ]
 [-0.5 -0.5  0.5  0.   0.   1.   0. ]
 [ 0.5 -0.5 -0.5  0.   0.   0.   1. ]]
scanning
-----------------------------------------------------------------------------------------------------------------------------------------------
Running qaoa with 7 qubits from p=1 to p=2 within bounds [-1.5707963267948966, 1.5707963267948966]x[-3.141592653589793, 3.141592653589793] with resolution 32x32
-----------------------------------------------------------------------------------------------------------------------------------------------
creating result directory...
loading problem...
./qubos/3sat_7qubits_n3_m4_alpha13333333333333333
Problem: SparsePauliOp(['IIIIIIZ', 'IIIIIZI', 'IIIZIII', 'IIZIIII', 'IZIIIII', 'ZIIIIII', 'IIIIIZZ', 'IIIIZIZ', 'IIIIZZI', 'IIIZIIZ', 'IIIZIZI', 'IIIZZII', 'IIZIIIZ', 'IIZIIZI', 'IIZIZII', 'IZIIIIZ', 'IZIIIZI', 'IZIIZII', 'ZIIIIIZ', 'ZIIIIZI', 'ZIIIZII'],
              coeffs=[-0.0625    +0.j,  0.0625    +0.j, -0.0625    +0.j, -0.0625    +0.j,
 -0.0625    +0.j, -0.0625    +0.j,  0.0625    +0.j, -0.08333333+0.j,
 -0.04166667+0.j,  0.02083333+0.j,  0.02083333+0.j, -0.02083333+0.j,
 -0.02083333+0.j, -0.02083333+0.j,  0.02083333+0.j, -0.02083333+0.j,
 -0.02083333+0.j,  0.02083333+0.j,  0.02083333+0.j, -0.02083333+0.j,
 -0.02083333+0.j]), offset:0.35416666666666663
instantiating estimator...
beginning scan...
  
-------Depth 1-------
creating QAOAAnsatz of depth 1...
creating scan params...
creating cartesian grid over [-1.5707963267948966, 1.5707963267948966]x[-3.141592653589793, 3.141592653589793] with resolution 32x32 and fixed parameters None...
running estimator with scan parameters...
evaluating best parameters...
Best params for depth 1:
params [-0.4560376432630344, 3.141592653589793] with expectation -0.16967833726394138
params [0.45603764326303464, -3.141592653589793] with expectation -0.16967833726394133
params [0.45603764326303464, -2.938909256584] with expectation -0.1628533989350912
params [-0.4560376432630344, 2.938909256584] with expectation -0.16285339893509115
params [-0.3546959447601379, 3.141592653589793] with expectation -0.16105949398235225
params [0.3546959447601379, -3.141592653589793] with expectation -0.16105949398235225
params [0.5573793417659312, -3.141592653589793] with expectation -0.16027254455114334
params [-0.557379341765931, 3.141592653589793] with expectation -0.16027254455114331
params [-0.4560376432630344, 2.736225859578207] with expectation -0.15542040471665242
params [0.45603764326303464, -2.736225859578207] with expectation -0.15542040471665242
saving results as json...
  
-------Depth 2-------
creating QAOAAnsatz of depth 2...
creating scan params...
creating cartesian grid over [-1.5707963267948966, 1.5707963267948966]x[-3.141592653589793, 3.141592653589793] with resolution 32x32 and fixed parameters [-0.4560376432630344, 3.141592653589793]...
running estimator with scan parameters...
evaluating best parameters...
Best params for depth 2:
params [-0.4560376432630344, -0.25335424625724134, 3.141592653589793, 3.141592653589793] with expectation -0.23100815668848085
params [-0.4560376432630344, -0.3546959447601379, 3.141592653589793, 3.141592653589793] with expectation -0.2300049984261948
params [-0.4560376432630344, -0.25335424625724134, 3.141592653589793, 2.938909256584] with expectation -0.22479485297077934
params [-0.4560376432630344, -0.3546959447601379, 3.141592653589793, 2.938909256584] with expectation -0.2219416673832162
params [-0.4560376432630344, -0.25335424625724134, 3.141592653589793, 2.736225859578207] with expectation -0.21835959971062702
params [-0.4560376432630344, -0.1520125477543448, 3.141592653589793, 3.141592653589793] with expectation -0.21795078454423755
params [-0.4560376432630344, -0.4560376432630344, 3.141592653589793, 3.141592653589793] with expectation -0.21756853582260768
params [-0.4560376432630344, -0.1520125477543448, 3.141592653589793, 2.938909256584] with expectation -0.2140704013600127
params [-0.4560376432630344, -0.3546959447601379, 3.141592653589793, 2.736225859578207] with expectation -0.21357271132995498
params [-0.4560376432630344, -0.25335424625724134, 3.141592653589793, 2.533542462572414] with expectation -0.2117194151425439
saving results as json...
-----------------------------------------------------------------------------------------------------------------------------------------------
Scan finished
-----------------------------------------------------------------------------------------------------------------------------------------------
Plotting results for scans contained in ['./results/reproduction/max3sat/easy/sequential/32x32scan_7qubits_p1to2_general_symmetry']...
-----------------------------------------------------------------------------------------------------------------------------------------------
creating single instance plots...
---Meshplot (1/1)---
Plotting results as colormesh...
saving plot: creating file for each format in ['pdf']...
saved as ./results/reproduction/max3sat/easy/sequential/32x32scan_7qubits_p1to2_general_symmetry/meshplot_32x32scan_p2_7qubits.pdf
